<?xml version="1.0" encoding="UTF-8"?>
<testsuites name="jest tests" tests="25" failures="0" errors="0" time="11.425">
  <testsuite name="ButtonBacl component" errors="0" failures="0" skipped="0" timestamp="2022-11-06T18:43:19" time="5.618" tests="2">
    <testcase classname="ButtonBacl component Should be able the component render correctly " name="ButtonBacl component Should be able the component render correctly " time="0.038">
    </testcase>
    <testcase classname="ButtonBacl component Should be able text appear correctly when pass children" name="ButtonBacl component Should be able text appear correctly when pass children" time="0.006">
    </testcase>
  </testsuite>
  <testsuite name="InputSearch component" errors="0" failures="0" skipped="0" timestamp="2022-11-06T18:43:19" time="5.836" tests="2">
    <testcase classname="InputSearch component Should be able the component render correctly " name="InputSearch component Should be able the component render correctly " time="0.077">
    </testcase>
    <testcase classname="InputSearch component Should be able save the value when write on field" name="InputSearch component Should be able save the value when write on field" time="0.049">
    </testcase>
  </testsuite>
  <testsuite name="HistoryPages component" errors="0" failures="0" skipped="0" timestamp="2022-11-06T18:43:19" time="5.936" tests="4">
    <testcase classname="HistoryPages component Should be able the component render correctly " name="HistoryPages component Should be able the component render correctly " time="0.047">
    </testcase>
    <testcase classname="HistoryPages component Should be able Product text appear with style if not pass props" name="HistoryPages component Should be able Product text appear with style if not pass props" time="0.006">
    </testcase>
    <testcase classname="HistoryPages component Should be able appear product name when pass props to component" name="HistoryPages component Should be able appear product name when pass props to component" time="0.018">
    </testcase>
    <testcase classname="HistoryPages component Should be able return to first screen when click on back button" name="HistoryPages component Should be able return to first screen when click on back button" time="0.032">
    </testcase>
  </testsuite>
  <testsuite name="Detail page" errors="0" failures="0" skipped="0" timestamp="2022-11-06T18:43:19" time="6.157" tests="3">
    <testcase classname="Detail page Should be able the component render correctly " name="Detail page Should be able the component render correctly " time="0.089">
    </testcase>
    <testcase classname="Detail page Should be able show all product information" name="Detail page Should be able show all product information" time="0.03">
    </testcase>
    <testcase classname="Detail page Should be able return to first screen when click on back button" name="Detail page Should be able return to first screen when click on back button" time="0.019">
    </testcase>
  </testsuite>
  <testsuite name="ProductDetailText component" errors="0" failures="0" skipped="0" timestamp="2022-11-06T18:43:25" time="0.517" tests="2">
    <testcase classname="ProductDetailText component Should be able the component render correctly " name="ProductDetailText component Should be able the component render correctly " time="0.034">
    </testcase>
    <testcase classname="ProductDetailText component Should be able text appear correctly when pass props" name="ProductDetailText component Should be able text appear correctly when pass props" time="0.007">
    </testcase>
  </testsuite>
  <testsuite name="Pagination component" errors="0" failures="0" skipped="0" timestamp="2022-11-06T18:43:19" time="8.013" tests="2">
    <testcase classname="Pagination component Should be able the component render correctly " name="Pagination component Should be able the component render correctly " time="0.044">
    </testcase>
    <testcase classname="Pagination component Should be able send the page in function setActualPage" name="Pagination component Should be able send the page in function setActualPage" time="0.01">
    </testcase>
  </testsuite>
  <testsuite name="Table component" errors="0" failures="0" skipped="0" timestamp="2022-11-06T18:43:19" time="10.463" tests="5">
    <testcase classname="Table component Should be able the component render correctly " name="Table component Should be able the component render correctly " time="0.048">
    </testcase>
    <testcase classname="Table component Should be able appear header title row" name="Table component Should be able appear header title row" time="0.014">
    </testcase>
    <testcase classname="Table component Should be able to get the data correctly  pass product props " name="Table component Should be able to get the data correctly  pass product props " time="0.005">
    </testcase>
    <testcase classname="Table component Should be able show data table correctly " name="Table component Should be able show data table correctly " time="0.008">
    </testcase>
    <testcase classname="Table component Should be able navigate to detail page of products " name="Table component Should be able navigate to detail page of products " time="0.009">
    </testcase>
  </testsuite>
  <testsuite name="Home Page" errors="0" failures="0" skipped="0" timestamp="2022-11-06T18:43:19" time="10.81" tests="5">
    <testcase classname="Home Page Should be able the component render correctly " name="Home Page Should be able the component render correctly " time="0.082">
    </testcase>
    <testcase classname="Home Page Should be able to filter table items by product name" name="Home Page Should be able to filter table items by product name" time="0.013">
    </testcase>
    <testcase classname="Home Page Should be able return initial table if input is not filled" name="Home Page Should be able return initial table if input is not filled" time="0.009">
    </testcase>
    <testcase classname="Home Page Should be able return not found data if filter list by wrong product name" name="Home Page Should be able return not found data if filter list by wrong product name" time="0.007">
    </testcase>
    <testcase classname="Home Page Should be able clean fields" name="Home Page Should be able clean fields" time="0.011">
    </testcase>
  </testsuite>
</testsuites>